<?xml version="1.0" encoding="UTF-8"?>
<!-- Generated by org.testng.reporters.JUnitReportReporter -->
<testsuite hostname="ASDW0040" name="stringproject.ConsecutiveLetterTest" tests="1" failures="0" timestamp="6 Feb 2019 07:32:16 GMT" time="0.006" errors="0">
  <testcase name="inputWordString" time="0.006" classname="stringproject.ConsecutiveLetterTest"/>
</testsuite> <!-- stringproject.ConsecutiveLetterTest -->
